scan/6_Run scanner.txt
﻿2026-07-20T20:34:09.1338660Z ##[group]Run python -m src.run_signals
2026-07-20T20:34:09.1339054Z [36;1mpython -m src.run_signals[0m
2026-07-20T20:34:09.1400888Z shell: /usr/bin/bash -e {0}
2026-07-20T20:34:09.1401205Z env:
2026-07-20T20:34:09.1401525Z   pythonLocation: /opt/hostedtoolcache/Python/3.12.13/x64
2026-07-20T20:34:09.1402060Z   PKG_CONFIG_PATH: /opt/hostedtoolcache/Python/3.12.13/x64/lib/pkgconfig
2026-07-20T20:34:09.1402603Z   Python_ROOT_DIR: /opt/hostedtoolcache/Python/3.12.13/x64
2026-07-20T20:34:09.1403067Z   Python2_ROOT_DIR: /opt/hostedtoolcache/Python/3.12.13/x64
2026-07-20T20:34:09.1403533Z   Python3_ROOT_DIR: /opt/hostedtoolcache/Python/3.12.13/x64
2026-07-20T20:34:09.1404007Z   LD_LIBRARY_PATH: /opt/hostedtoolcache/Python/3.12.13/x64/lib
2026-07-20T20:34:09.1404402Z ##[endgroup]
2026-07-20T20:34:09.9340302Z Traceback (most recent call last):
2026-07-20T20:34:09.9347980Z   File "<frozen runpy>", line 198, in _run_module_as_main
2026-07-20T20:34:09.9348862Z   File "<frozen runpy>", line 88, in _run_code
2026-07-20T20:34:09.9350052Z   File "/home/runner/work/daily-perp-signals/daily-perp-signals/src/run_signals.py", line 61, in <module>
2026-07-20T20:34:09.9350780Z     main()
2026-07-20T20:34:09.9351394Z   File "/home/runner/work/daily-perp-signals/daily-perp-signals/src/run_signals.py", line 32, in main
2026-07-20T20:34:09.9352160Z     symbols = get_top_symbols()
2026-07-20T20:34:09.9352667Z               ^^^^^^^^^^^^^^^^^
2026-07-20T20:34:09.9353899Z   File "/home/runner/work/daily-perp-signals/daily-perp-signals/src/bybit_client.py", line 95, in get_top_symbols
2026-07-20T20:34:09.9371698Z     tickers = get_all_tickers()
2026-07-20T20:34:09.9372207Z               ^^^^^^^^^^^^^^^^^
2026-07-20T20:34:09.9372946Z   File "/home/runner/work/daily-perp-signals/daily-perp-signals/src/bybit_client.py", line 80, in get_all_tickers
2026-07-20T20:34:09.9373637Z     payload = _request(
2026-07-20T20:34:09.9373985Z               ^^^^^^^^^
2026-07-20T20:34:09.9374777Z   File "/home/runner/work/daily-perp-signals/daily-perp-signals/src/bybit_client.py", line 41, in _request
2026-07-20T20:34:09.9375466Z     response.raise_for_status()
2026-07-20T20:34:09.9376235Z   File "/opt/hostedtoolcache/Python/3.12.13/x64/lib/python3.12/site-packages/requests/models.py", line 1167, in raise_for_status
2026-07-20T20:34:09.9377032Z     raise HTTPError(http_error_msg, response=self)
2026-07-20T20:34:09.9377854Z requests.exceptions.HTTPError: 403 Client Error: Forbidden for url: https://api-testnet.bybit.com/v5/market/tickers?category=linear
2026-07-20T20:34:09.9378688Z ============================================================
2026-07-20T20:34:09.9379347Z   DAILY PERP SIGNALS — Signal Scanner
2026-07-20T20:34:09.9379746Z ============================================================
2026-07-20T20:34:09.9911789Z ##[error]Process completed with exit code 1.
